
*** Running vivado
    with args -log design_1_xlconstant_1_0.vds -m64 -product Vivado -mode batch -messageDb vivado.pb -notrace -source design_1_xlconstant_1_0.tcl


****** Vivado v2018.1 (64-bit)
  **** SW Build 2188600 on Wed Apr  4 18:39:19 MDT 2018
  **** IP Build 2185939 on Wed Apr  4 20:55:05 MDT 2018
    ** Copyright 1986-2018 Xilinx, Inc. All Rights Reserved.

source design_1_xlconstant_1_0.tcl -notrace
Command: synth_design -top design_1_xlconstant_1_0 -part xc7z020clg484-1 -mode out_of_context
Starting synth_design
Attempting to get a license for feature 'Synthesis' and/or device 'xc7z020'
INFO: [Common 17-349] Got license for feature 'Synthesis' and/or device 'xc7z020'
INFO: Launching helper process for spawning children vivado processes
INFO: Helper process launched with PID 10099 
---------------------------------------------------------------------------------
Starting RTL Elaboration : Time (s): cpu = 00:00:14 ; elapsed = 00:00:16 . Memory (MB): peak = 1287.414 ; gain = 86.000 ; free physical = 470 ; free virtual = 1474
---------------------------------------------------------------------------------
INFO: [Synth 8-6157] synthesizing module 'design_1_xlconstant_1_0' [/home/gabriel/xilinx_projects/csi_bram_axi/csi_bram_axi.srcs/sources_1/bd/design_1/ip/design_1_xlconstant_1_0/synth/design_1_xlconstant_1_0.v:57]
INFO: [Synth 8-6157] synthesizing module 'xlconstant_v1_1_4_xlconstant' [/home/gabriel/xilinx_projects/csi_bram_axi/csi_bram_axi.srcs/sources_1/bd/design_1/ipshared/2fc9/hdl/xlconstant_v1_1_vl_rfs.v:23]
	Parameter CONST_VAL bound to: 0 - type: integer 
	Parameter CONST_WIDTH bound to: 20 - type: integer 
INFO: [Synth 8-6155] done synthesizing module 'xlconstant_v1_1_4_xlconstant' (1#1) [/home/gabriel/xilinx_projects/csi_bram_axi/csi_bram_axi.srcs/sources_1/bd/design_1/ipshared/2fc9/hdl/xlconstant_v1_1_vl_rfs.v:23]
INFO: [Synth 8-6155] done synthesizing module 'design_1_xlconstant_1_0' (2#1) [/home/gabriel/xilinx_projects/csi_bram_axi/csi_bram_axi.srcs/sources_1/bd/design_1/ip/design_1_xlconstant_1_0/synth/design_1_xlconstant_1_0.v:57]
---------------------------------------------------------------------------------
Finished RTL Elaboration : Time (s): cpu = 00:00:16 ; elapsed = 00:00:18 . Memory (MB): peak = 1332.023 ; gain = 130.609 ; free physical = 457 ; free virtual = 1458
---------------------------------------------------------------------------------

Report Check Netlist: 
+------+------------------+-------+---------+-------+------------------+
|      |Item              |Errors |Warnings |Status |Description       |
+------+------------------+-------+---------+-------+------------------+
|1     |multi_driven_nets |      0|        0|Passed |Multi driven nets |
+------+------------------+-------+---------+-------+------------------+
---------------------------------------------------------------------------------
Start Handling Custom Attributes
---------------------------------------------------------------------------------
---------------------------------------------------------------------------------
Finished Handling Custom Attributes : Time (s): cpu = 00:00:16 ; elapsed = 00:00:18 . Memory (MB): peak = 1332.023 ; gain = 130.609 ; free physical = 452 ; free virtual = 1454
---------------------------------------------------------------------------------
---------------------------------------------------------------------------------
Finished RTL Optimization Phase 1 : Time (s): cpu = 00:00:16 ; elapsed = 00:00:18 . Memory (MB): peak = 1332.023 ; gain = 130.609 ; free physical = 452 ; free virtual = 1454
---------------------------------------------------------------------------------
INFO: [Device 21-403] Loading part xc7z020clg484-1
INFO: [Project 1-570] Preparing netlist for logic optimization

Processing XDC Constraints
Initializing timing engine
Completed Processing XDC Constraints

INFO: [Project 1-111] Unisim Transformation Summary:
No Unisim elements were transformed.

Constraint Validation Runtime : Time (s): cpu = 00:00:00.03 ; elapsed = 00:00:00.04 . Memory (MB): peak = 1567.027 ; gain = 0.000 ; free physical = 842 ; free virtual = 1845
---------------------------------------------------------------------------------
Finished Constraint Validation : Time (s): cpu = 00:00:46 ; elapsed = 00:01:16 . Memory (MB): peak = 1567.027 ; gain = 365.613 ; free physical = 625 ; free virtual = 1628
---------------------------------------------------------------------------------
---------------------------------------------------------------------------------
Start Loading Part and Timing Information
---------------------------------------------------------------------------------
Loading part: xc7z020clg484-1
---------------------------------------------------------------------------------
Finished Loading Part and Timing Information : Time (s): cpu = 00:00:46 ; elapsed = 00:01:16 . Memory (MB): peak = 1567.027 ; gain = 365.613 ; free physical = 625 ; free virtual = 1628
---------------------------------------------------------------------------------
---------------------------------------------------------------------------------
Start Applying 'set_property' XDC Constraints
---------------------------------------------------------------------------------
---------------------------------------------------------------------------------
Finished applying 'set_property' XDC Constraints : Time (s): cpu = 00:00:46 ; elapsed = 00:01:16 . Memory (MB): peak = 1567.027 ; gain = 365.613 ; free physical = 626 ; free virtual = 1629
---------------------------------------------------------------------------------
---------------------------------------------------------------------------------
Finished RTL Optimization Phase 2 : Time (s): cpu = 00:00:46 ; elapsed = 00:01:16 . Memory (MB): peak = 1567.027 ; gain = 365.613 ; free physical = 624 ; free virtual = 1627
---------------------------------------------------------------------------------

Report RTL Partitions: 
+-+--------------+------------+----------+
| |RTL Partition |Replication |Instances |
+-+--------------+------------+----------+
+-+--------------+------------+----------+
---------------------------------------------------------------------------------
Start RTL Component Statistics 
---------------------------------------------------------------------------------
Detailed RTL Component Info : 
---------------------------------------------------------------------------------
Finished RTL Component Statistics 
---------------------------------------------------------------------------------
---------------------------------------------------------------------------------
Start RTL Hierarchical Component Statistics 
---------------------------------------------------------------------------------
Hierarchical RTL Component report 
---------------------------------------------------------------------------------
Finished RTL Hierarchical Component Statistics
---------------------------------------------------------------------------------
---------------------------------------------------------------------------------
Start Part Resource Summary
---------------------------------------------------------------------------------
Part Resources:
DSPs: 220 (col length:60)
BRAMs: 280 (col length: RAMB18 60 RAMB36 30)
---------------------------------------------------------------------------------
Finished Part Resource Summary
---------------------------------------------------------------------------------
---------------------------------------------------------------------------------
Start Cross Boundary and Area Optimization
---------------------------------------------------------------------------------
Warning: Parallel synthesis criteria is not met 
WARNING: [Synth 8-3330] design design_1_xlconstant_1_0 has an empty top module
INFO: [Synth 8-3917] design design_1_xlconstant_1_0 has port dout[19] driven by constant 0
INFO: [Synth 8-3917] design design_1_xlconstant_1_0 has port dout[18] driven by constant 0
INFO: [Synth 8-3917] design design_1_xlconstant_1_0 has port dout[17] driven by constant 0
INFO: [Synth 8-3917] design design_1_xlconstant_1_0 has port dout[16] driven by constant 0
INFO: [Synth 8-3917] design design_1_xlconstant_1_0 has port dout[15] driven by constant 0
INFO: [Synth 8-3917] design design_1_xlconstant_1_0 has port dout[14] driven by constant 0
INFO: [Synth 8-3917] design design_1_xlconstant_1_0 has port dout[13] driven by constant 0
INFO: [Synth 8-3917] design design_1_xlconstant_1_0 has port dout[12] driven by constant 0
INFO: [Synth 8-3917] design design_1_xlconstant_1_0 has port dout[11] driven by constant 0
INFO: [Synth 8-3917] design design_1_xlconstant_1_0 has port dout[10] driven by constant 0
INFO: [Synth 8-3917] design design_1_xlconstant_1_0 has port dout[9] driven by constant 0
INFO: [Synth 8-3917] design design_1_xlconstant_1_0 has port dout[8] driven by constant 0
INFO: [Synth 8-3917] design design_1_xlconstant_1_0 has port dout[7] driven by constant 0
INFO: [Synth 8-3917] design design_1_xlconstant_1_0 has port dout[6] driven by constant 0
INFO: [Synth 8-3917] design design_1_xlconstant_1_0 has port dout[5] driven by constant 0
INFO: [Synth 8-3917] design design_1_xlconstant_1_0 has port dout[4] driven by constant 0
INFO: [Synth 8-3917] design design_1_xlconstant_1_0 has port dout[3] driven by constant 0
INFO: [Synth 8-3917] design design_1_xlconstant_1_0 has port dout[2] driven by constant 0
INFO: [Synth 8-3917] design design_1_xlconstant_1_0 has port dout[1] driven by constant 0
INFO: [Synth 8-3917] design design_1_xlconstant_1_0 has port dout[0] driven by constant 0
---------------------------------------------------------------------------------
Finished Cross Boundary and Area Optimization : Time (s): cpu = 00:00:46 ; elapsed = 00:01:16 . Memory (MB): peak = 1567.027 ; gain = 365.613 ; free physical = 601 ; free virtual = 1606
---------------------------------------------------------------------------------

Report RTL Partitions: 
+-+--------------+------------+----------+
| |RTL Partition |Replication |Instances |
+-+--------------+------------+----------+
+-+--------------+------------+----------+
---------------------------------------------------------------------------------
Start Applying XDC Timing Constraints
---------------------------------------------------------------------------------
---------------------------------------------------------------------------------
Finished Applying XDC Timing Constraints : Time (s): cpu = 00:00:57 ; elapsed = 00:01:32 . Memory (MB): peak = 1618.027 ; gain = 416.613 ; free physical = 200 ; free virtual = 1204
---------------------------------------------------------------------------------
---------------------------------------------------------------------------------
Start Timing Optimization
---------------------------------------------------------------------------------
---------------------------------------------------------------------------------
Finished Timing Optimization : Time (s): cpu = 00:00:57 ; elapsed = 00:01:32 . Memory (MB): peak = 1618.027 ; gain = 416.613 ; free physical = 199 ; free virtual = 1202
---------------------------------------------------------------------------------

Report RTL Partitions: 
+-+--------------+------------+----------+
| |RTL Partition |Replication |Instances |
+-+--------------+------------+----------+
+-+--------------+------------+----------+
---------------------------------------------------------------------------------
Start Technology Mapping
---------------------------------------------------------------------------------
---------------------------------------------------------------------------------
Finished Technology Mapping : Time (s): cpu = 00:00:57 ; elapsed = 00:01:32 . Memory (MB): peak = 1618.027 ; gain = 416.613 ; free physical = 197 ; free virtual = 1201
---------------------------------------------------------------------------------

Report RTL Partitions: 
+-+--------------+------------+----------+
| |RTL Partition |Replication |Instances |
+-+--------------+------------+----------+
+-+--------------+------------+----------+
---------------------------------------------------------------------------------
Start IO Insertion
---------------------------------------------------------------------------------
---------------------------------------------------------------------------------
Start Flattening Before IO Insertion
---------------------------------------------------------------------------------
---------------------------------------------------------------------------------
Finished Flattening Before IO Insertion
---------------------------------------------------------------------------------
---------------------------------------------------------------------------------
Start Final Netlist Cleanup
---------------------------------------------------------------------------------
---------------------------------------------------------------------------------
Finished Final Netlist Cleanup
---------------------------------------------------------------------------------
---------------------------------------------------------------------------------
Finished IO Insertion : Time (s): cpu = 00:00:57 ; elapsed = 00:01:33 . Memory (MB): peak = 1618.027 ; gain = 416.613 ; free physical = 181 ; free virtual = 1185
---------------------------------------------------------------------------------

Report Check Netlist: 
+------+------------------+-------+---------+-------+------------------+
|      |Item              |Errors |Warnings |Status |Description       |
+------+------------------+-------+---------+-------+------------------+
|1     |multi_driven_nets |      0|        0|Passed |Multi driven nets |
+------+------------------+-------+---------+-------+------------------+
---------------------------------------------------------------------------------
Start Renaming Generated Instances
---------------------------------------------------------------------------------
---------------------------------------------------------------------------------
Finished Renaming Generated Instances : Time (s): cpu = 00:00:57 ; elapsed = 00:01:33 . Memory (MB): peak = 1618.027 ; gain = 416.613 ; free physical = 181 ; free virtual = 1185
---------------------------------------------------------------------------------

Report RTL Partitions: 
+-+--------------+------------+----------+
| |RTL Partition |Replication |Instances |
+-+--------------+------------+----------+
+-+--------------+------------+----------+
---------------------------------------------------------------------------------
Start Rebuilding User Hierarchy
---------------------------------------------------------------------------------
---------------------------------------------------------------------------------
Finished Rebuilding User Hierarchy : Time (s): cpu = 00:00:57 ; elapsed = 00:01:33 . Memory (MB): peak = 1618.027 ; gain = 416.613 ; free physical = 181 ; free virtual = 1185
---------------------------------------------------------------------------------
---------------------------------------------------------------------------------
Start Renaming Generated Ports
---------------------------------------------------------------------------------
---------------------------------------------------------------------------------
Finished Renaming Generated Ports : Time (s): cpu = 00:00:57 ; elapsed = 00:01:33 . Memory (MB): peak = 1618.027 ; gain = 416.613 ; free physical = 181 ; free virtual = 1185
---------------------------------------------------------------------------------
---------------------------------------------------------------------------------
Start Handling Custom Attributes
---------------------------------------------------------------------------------
---------------------------------------------------------------------------------
Finished Handling Custom Attributes : Time (s): cpu = 00:00:57 ; elapsed = 00:01:33 . Memory (MB): peak = 1618.027 ; gain = 416.613 ; free physical = 181 ; free virtual = 1184
---------------------------------------------------------------------------------
---------------------------------------------------------------------------------
Start Renaming Generated Nets
---------------------------------------------------------------------------------
---------------------------------------------------------------------------------
Finished Renaming Generated Nets : Time (s): cpu = 00:00:57 ; elapsed = 00:01:33 . Memory (MB): peak = 1618.027 ; gain = 416.613 ; free physical = 181 ; free virtual = 1184
---------------------------------------------------------------------------------
---------------------------------------------------------------------------------
Start Writing Synthesis Report
---------------------------------------------------------------------------------

Report BlackBoxes: 
+-+--------------+----------+
| |BlackBox name |Instances |
+-+--------------+----------+
+-+--------------+----------+

Report Cell Usage: 
+-+-----+------+
| |Cell |Count |
+-+-----+------+
+-+-----+------+

Report Instance Areas: 
+------+---------+-------+------+
|      |Instance |Module |Cells |
+------+---------+-------+------+
|1     |top      |       |     0|
+------+---------+-------+------+
---------------------------------------------------------------------------------
Finished Writing Synthesis Report : Time (s): cpu = 00:00:57 ; elapsed = 00:01:33 . Memory (MB): peak = 1618.027 ; gain = 416.613 ; free physical = 181 ; free virtual = 1184
---------------------------------------------------------------------------------
Synthesis finished with 0 errors, 0 critical warnings and 1 warnings.
Synthesis Optimization Runtime : Time (s): cpu = 00:00:42 ; elapsed = 00:00:52 . Memory (MB): peak = 1618.027 ; gain = 181.609 ; free physical = 238 ; free virtual = 1241
Synthesis Optimization Complete : Time (s): cpu = 00:00:58 ; elapsed = 00:01:33 . Memory (MB): peak = 1618.035 ; gain = 416.613 ; free physical = 247 ; free virtual = 1251
INFO: [Project 1-571] Translating synthesized netlist
INFO: [Project 1-570] Preparing netlist for logic optimization
INFO: [Opt 31-138] Pushed 0 inverter(s) to 0 load pin(s).
INFO: [Project 1-111] Unisim Transformation Summary:
No Unisim elements were transformed.

INFO: [Common 17-83] Releasing license: Synthesis
33 Infos, 1 Warnings, 0 Critical Warnings and 0 Errors encountered.
synth_design completed successfully
synth_design: Time (s): cpu = 00:01:00 ; elapsed = 00:01:35 . Memory (MB): peak = 1638.027 ; gain = 456.070 ; free physical = 211 ; free virtual = 1215
INFO: [Common 17-1381] The checkpoint '/home/gabriel/xilinx_projects/csi_bram_axi/csi_bram_axi.runs/design_1_xlconstant_1_0_synth_1/design_1_xlconstant_1_0.dcp' has been generated.
